# Logfile created on Wed Feb 24 17:04:50 -0500 2010  [4;36;1mUser Load (0.1ms)[0m   [0;1mSELECT * FROM "users" WHERE ("users"."email" = 'email@person.com') LIMIT 1[0m
REQUESTING PAGE: GET /sign_in with {} and HTTP headers {}


Processing Clearance::SessionsController#new (for 127.0.0.1 at 2010-02-24 17:04:52) [GET]
  Parameters: {"action"=>"new", "controller"=>"clearance/sessions"}
Rendering sessions/new
Completed in 36ms (View: 34, DB: 0) | 200 OK [http://www.example.com/sign_in]
REQUESTING PAGE: GET /sign_in with {} and HTTP headers {"HTTP_REFERER"=>"/sign_in"}


Processing Clearance::SessionsController#new (for 127.0.0.1 at 2010-02-24 17:04:52) [GET]
  Parameters: {"action"=>"new", "controller"=>"clearance/sessions"}
Rendering sessions/new
Completed in 4ms (View: 3, DB: 0) | 200 OK [http://www.example.com/sign_in]
REQUESTING PAGE: POST /session with {"commit"=>"Sign in", "session"=>{"password"=>"password", "email"=>"email@person.com"}} and HTTP headers {"HTTP_REFERER"=>"/sign_in"}


Processing Clearance::SessionsController#create (for 127.0.0.1 at 2010-02-24 17:04:52) [POST]
  Parameters: {"commit"=>"Sign in", "action"=>"create", "session"=>{"password"=>"[FILTERED]", "email"=>"email@person.com"}, "controller"=>"clearance/sessions"}
  [4;35;1mUser Load (0.2ms)[0m   [0mSELECT * FROM "users" WHERE ("users"."email" = 'email@person.com') LIMIT 1[0m
Rendering sessions/new (unauthorized)
Completed in 79ms (View: 3, DB: 0) | 401 Unauthorized [http://www.example.com/session]
  [4;36;1mUser Load (0.3ms)[0m   [0;1mSELECT "users".id FROM "users" WHERE (LOWER("users"."email") = 'email@person.com') LIMIT 1[0m
  [4;35;1mUser Create (0.6ms)[0m   [0mINSERT INTO "users" ("encrypted_password", "salt", "updated_at", "admin", "remember_token", "confirmation_token", "email", "email_confirmed", "created_at") VALUES('e659cc1123bfe0b9d7172192c1dd6b4905421aa0', '9d75daa7231182b505bd178c999ab45dc417c303', '2010-02-24 22:04:52', 'f', '192f3aab4ab19e2052e35006adcefbc55df79dd8', 'b1da9dee64bdda95ceedf4455a7762694874605c', 'email@person.com', 't', '2010-02-24 22:04:52')[0m
REQUESTING PAGE: GET /sign_in with {} and HTTP headers {}


Processing Clearance::SessionsController#new (for 127.0.0.1 at 2010-02-24 17:04:52) [GET]
  Parameters: {"action"=>"new", "controller"=>"clearance/sessions"}
Rendering sessions/new
Completed in 4ms (View: 3, DB: 1) | 200 OK [http://www.example.com/sign_in]
REQUESTING PAGE: GET /sign_in with {} and HTTP headers {"HTTP_REFERER"=>"/sign_in"}


Processing Clearance::SessionsController#new (for 127.0.0.1 at 2010-02-24 17:04:52) [GET]
  Parameters: {"action"=>"new", "controller"=>"clearance/sessions"}
Rendering sessions/new
Completed in 4ms (View: 3, DB: 0) | 200 OK [http://www.example.com/sign_in]
REQUESTING PAGE: POST /session with {"commit"=>"Sign in", "session"=>{"password"=>"password", "email"=>"email@person.com"}} and HTTP headers {"HTTP_REFERER"=>"/sign_in"}


Processing Clearance::SessionsController#create (for 127.0.0.1 at 2010-02-24 17:04:52) [POST]
  Parameters: {"commit"=>"Sign in", "action"=>"create", "session"=>{"password"=>"[FILTERED]", "email"=>"email@person.com"}, "controller"=>"clearance/sessions"}
  [4;36;1mUser Load (0.4ms)[0m   [0;1mSELECT * FROM "users" WHERE ("users"."email" = 'email@person.com') LIMIT 1[0m
Redirected to http://www.example.com/
Completed in 110ms (DB: 0) | 302 Found [http://www.example.com/session]
REQUESTING PAGE: GET http://www.example.com/ with {} and HTTP headers {"HTTP_REFERER"=>"/session"}


Processing ApplicationController#index (for 127.0.0.1 at 2010-02-24 17:04:52) [GET]
  [4;35;1mUser Load (0.2ms)[0m   [0mSELECT "users".id FROM "users" WHERE (LOWER("users"."email") = 'email@person.com') LIMIT 1[0m
  [4;36;1mUser Create (0.5ms)[0m   [0;1mINSERT INTO "users" ("encrypted_password", "salt", "updated_at", "admin", "remember_token", "confirmation_token", "email", "email_confirmed", "created_at") VALUES('40aca42cd340cbb156686b0fe6f5eb0599474e54', 'c0278f9a2a73cefe9c0b4a070d8f9ab8e17d531c', '2010-02-24 22:04:52', 'f', '879514583d12772cfe5a3aed9576623fdbaf93c0', '244d0943fa315842a820d7301be168118e967592', 'email@person.com', 't', '2010-02-24 22:04:52')[0m
REQUESTING PAGE: GET /sign_in with {} and HTTP headers {}


Processing Clearance::SessionsController#new (for 127.0.0.1 at 2010-02-24 17:04:52) [GET]
  Parameters: {"action"=>"new", "controller"=>"clearance/sessions"}
Rendering sessions/new
Completed in 4ms (View: 4, DB: 1) | 200 OK [http://www.example.com/sign_in]
REQUESTING PAGE: GET /sign_in with {} and HTTP headers {"HTTP_REFERER"=>"/sign_in"}


Processing Clearance::SessionsController#new (for 127.0.0.1 at 2010-02-24 17:04:52) [GET]
  Parameters: {"action"=>"new", "controller"=>"clearance/sessions"}
Rendering sessions/new
Completed in 4ms (View: 4, DB: 0) | 200 OK [http://www.example.com/sign_in]
REQUESTING PAGE: POST /session with {"commit"=>"Sign in", "session"=>{"password"=>"wrongpassword", "email"=>"email@person.com"}} and HTTP headers {"HTTP_REFERER"=>"/sign_in"}


Processing Clearance::SessionsController#create (for 127.0.0.1 at 2010-02-24 17:04:52) [POST]
  Parameters: {"commit"=>"Sign in", "action"=>"create", "session"=>{"password"=>"[FILTERED]", "email"=>"email@person.com"}, "controller"=>"clearance/sessions"}
  [4;35;1mUser Load (0.4ms)[0m   [0mSELECT * FROM "users" WHERE ("users"."email" = 'email@person.com') LIMIT 1[0m
Rendering sessions/new (unauthorized)
Completed in 5ms (View: 4, DB: 0) | 401 Unauthorized [http://www.example.com/session]
  [4;36;1mUser Load (0.2ms)[0m   [0;1mSELECT "users".id FROM "users" WHERE (LOWER("users"."email") = 'email@person.com') LIMIT 1[0m
  [4;35;1mUser Create (0.4ms)[0m   [0mINSERT INTO "users" ("encrypted_password", "salt", "updated_at", "admin", "remember_token", "confirmation_token", "email", "email_confirmed", "created_at") VALUES('2f421227985b2d400d0f64499a356255c90bab60', '9cc58c238d1319295bed33e1777c8506cb57a9cc', '2010-02-24 22:04:52', 'f', '2597562b2cccb98ae3859413329894863513c534', 'e92b54eb38cb49bee12a3ce26612616f18bdd3bd', 'email@person.com', 't', '2010-02-24 22:04:52')[0m
REQUESTING PAGE: GET /sign_in with {} and HTTP headers {}


Processing Clearance::SessionsController#new (for 127.0.0.1 at 2010-02-24 17:04:52) [GET]
  Parameters: {"action"=>"new", "controller"=>"clearance/sessions"}
Rendering sessions/new
Completed in 4ms (View: 4, DB: 1) | 200 OK [http://www.example.com/sign_in]
REQUESTING PAGE: GET /sign_in with {} and HTTP headers {"HTTP_REFERER"=>"/sign_in"}


Processing Clearance::SessionsController#new (for 127.0.0.1 at 2010-02-24 17:04:52) [GET]
  Parameters: {"action"=>"new", "controller"=>"clearance/sessions"}
Rendering sessions/new
Completed in 4ms (View: 4, DB: 0) | 200 OK [http://www.example.com/sign_in]
REQUESTING PAGE: POST /session with {"commit"=>"Sign in", "session"=>{"password"=>"password", "email"=>"email@person.com"}} and HTTP headers {"HTTP_REFERER"=>"/sign_in"}


Processing Clearance::SessionsController#create (for 127.0.0.1 at 2010-02-24 17:04:52) [POST]
  Parameters: {"commit"=>"Sign in", "action"=>"create", "session"=>{"password"=>"[FILTERED]", "email"=>"email@person.com"}, "controller"=>"clearance/sessions"}
  [4;36;1mUser Load (0.4ms)[0m   [0;1mSELECT * FROM "users" WHERE ("users"."email" = 'email@person.com') LIMIT 1[0m
Redirected to http://www.example.com/
Completed in 2ms (DB: 0) | 302 Found [http://www.example.com/session]
REQUESTING PAGE: GET http://www.example.com/ with {} and HTTP headers {"HTTP_REFERER"=>"/session"}


Processing ApplicationController#index (for 127.0.0.1 at 2010-02-24 17:04:52) [GET]
  [4;36;1mUser Load (0.2ms)[0m   [0;1mSELECT * FROM "users" WHERE ("users"."email" = 'email@person.com') LIMIT 1[0m
REQUESTING PAGE: GET /sign_in with {} and HTTP headers {}


Processing Clearance::SessionsController#new (for 127.0.0.1 at 2010-03-18 11:23:25) [GET]
  Parameters: {"action"=>"new", "controller"=>"clearance/sessions"}
Rendering template within layouts/application
Rendering sessions/new
Completed in 200ms (View: 197, DB: 0) | 200 OK [http://www.example.com/sign_in]
REQUESTING PAGE: GET /sign_in with {} and HTTP headers {"HTTP_REFERER"=>"/sign_in"}


Processing Clearance::SessionsController#new (for 127.0.0.1 at 2010-03-18 11:23:26) [GET]
  Parameters: {"action"=>"new", "controller"=>"clearance/sessions"}
Rendering template within layouts/application
Rendering sessions/new
Completed in 6ms (View: 6, DB: 0) | 200 OK [http://www.example.com/sign_in]
REQUESTING PAGE: POST /session with {"commit"=>"Sign in", "session"=>{"password"=>"password", "email"=>"email@person.com"}} and HTTP headers {"HTTP_REFERER"=>"/sign_in"}


Processing Clearance::SessionsController#create (for 127.0.0.1 at 2010-03-18 11:23:26) [POST]
  Parameters: {"commit"=>"Sign in", "action"=>"create", "session"=>{"password"=>"[FILTERED]", "email"=>"email@person.com"}, "controller"=>"clearance/sessions"}
  [4;35;1mUser Load (0.2ms)[0m   [0mSELECT * FROM "users" WHERE ("users"."email" = 'email@person.com') LIMIT 1[0m
Rendering template within layouts/application
Rendering sessions/new (unauthorized)
Completed in 7ms (View: 6, DB: 0) | 401 Unauthorized [http://www.example.com/session]
  [4;36;1mUser Load (0.3ms)[0m   [0;1mSELECT "users".id FROM "users" WHERE (LOWER("users"."email") = 'email@person.com') LIMIT 1[0m
  [4;35;1mUser Create (141.5ms)[0m   [0mINSERT INTO "users" ("encrypted_password", "salt", "updated_at", "admin", "remember_token", "confirmation_token", "email", "email_confirmed", "created_at") VALUES('51c28cb0961e0cf091d52b8e47d1162c68f5d9e8', '4bfa196930d8c26ee3b6e2d1bf0498ce93db457e', '2010-03-18 15:23:26', 'f', '424ba4df5f455ab7a17b1be007bef5fbb9c828fb', 'd2745b2d8219a03f290f41a110f6de547bbee54c', 'email@person.com', 't', '2010-03-18 15:23:26')[0m
REQUESTING PAGE: GET /sign_in with {} and HTTP headers {}


Processing Clearance::SessionsController#new (for 127.0.0.1 at 2010-03-18 11:23:26) [GET]
  Parameters: {"action"=>"new", "controller"=>"clearance/sessions"}
Rendering template within layouts/application
Rendering sessions/new
Completed in 7ms (View: 7, DB: 142) | 200 OK [http://www.example.com/sign_in]
REQUESTING PAGE: GET /sign_in with {} and HTTP headers {"HTTP_REFERER"=>"/sign_in"}


Processing Clearance::SessionsController#new (for 127.0.0.1 at 2010-03-18 11:23:26) [GET]
  Parameters: {"action"=>"new", "controller"=>"clearance/sessions"}
Rendering template within layouts/application
Rendering sessions/new
Completed in 7ms (View: 6, DB: 0) | 200 OK [http://www.example.com/sign_in]
REQUESTING PAGE: POST /session with {"commit"=>"Sign in", "session"=>{"password"=>"password", "email"=>"email@person.com"}} and HTTP headers {"HTTP_REFERER"=>"/sign_in"}


Processing Clearance::SessionsController#create (for 127.0.0.1 at 2010-03-18 11:23:26) [POST]
  Parameters: {"commit"=>"Sign in", "action"=>"create", "session"=>{"password"=>"[FILTERED]", "email"=>"email@person.com"}, "controller"=>"clearance/sessions"}
  [4;36;1mUser Load (0.4ms)[0m   [0;1mSELECT * FROM "users" WHERE ("users"."email" = 'email@person.com') LIMIT 1[0m
Redirected to http://www.example.com/
Completed in 113ms (DB: 0) | 302 Found [http://www.example.com/session]
REQUESTING PAGE: GET http://www.example.com/ with {} and HTTP headers {"HTTP_REFERER"=>"/session"}


Processing HomeController#index (for 127.0.0.1 at 2010-03-18 11:23:26) [GET]
  [4;35;1mEvent Load (0.2ms)[0m   [0mSELECT * FROM "events" WHERE ("events"."approved" = 't') [0m
Rendering template within layouts/application
Rendering home/index
  [4;36;1mUser Load (0.5ms)[0m   [0;1mSELECT * FROM "users" WHERE ("users"."remember_token" = '424ba4df5f455ab7a17b1be007bef5fbb9c828fb') LIMIT 1[0m
Completed in 8ms (View: 4, DB: 1) | 200 OK [http://www.example.com/]
  [4;35;1mUser Load (0.2ms)[0m   [0mSELECT "users".id FROM "users" WHERE (LOWER("users"."email") = 'email@person.com') LIMIT 1[0m
  [4;36;1mUser Create (0.4ms)[0m   [0;1mINSERT INTO "users" ("encrypted_password", "salt", "updated_at", "admin", "remember_token", "confirmation_token", "email", "email_confirmed", "created_at") VALUES('865ff32aed743404512a8ea715c7e62249d377f8', '6424e0f4a87b0d910bfa1c3a5b3999c78bc8df61', '2010-03-18 15:23:26', 'f', 'aba5879debc9e152f3598c8fedcb939841e7864a', '70488377dbf0bc18b32d3c960acc3876598dd5bc', 'email@person.com', 't', '2010-03-18 15:23:26')[0m
REQUESTING PAGE: GET /sign_in with {} and HTTP headers {}


Processing Clearance::SessionsController#new (for 127.0.0.1 at 2010-03-18 11:23:26) [GET]
  Parameters: {"action"=>"new", "controller"=>"clearance/sessions"}
Rendering template within layouts/application
Rendering sessions/new
Completed in 6ms (View: 6, DB: 1) | 200 OK [http://www.example.com/sign_in]
REQUESTING PAGE: GET /sign_in with {} and HTTP headers {"HTTP_REFERER"=>"/sign_in"}


Processing Clearance::SessionsController#new (for 127.0.0.1 at 2010-03-18 11:23:26) [GET]
  Parameters: {"action"=>"new", "controller"=>"clearance/sessions"}
Rendering template within layouts/application
Rendering sessions/new
Completed in 9ms (View: 9, DB: 0) | 200 OK [http://www.example.com/sign_in]
REQUESTING PAGE: POST /session with {"commit"=>"Sign in", "session"=>{"password"=>"wrongpassword", "email"=>"email@person.com"}} and HTTP headers {"HTTP_REFERER"=>"/sign_in"}


Processing Clearance::SessionsController#create (for 127.0.0.1 at 2010-03-18 11:23:26) [POST]
  Parameters: {"commit"=>"Sign in", "action"=>"create", "session"=>{"password"=>"[FILTERED]", "email"=>"email@person.com"}, "controller"=>"clearance/sessions"}
  [4;35;1mUser Load (0.7ms)[0m   [0mSELECT * FROM "users" WHERE ("users"."email" = 'email@person.com') LIMIT 1[0m
Rendering template within layouts/application
Rendering sessions/new (unauthorized)
Completed in 9ms (View: 6, DB: 1) | 401 Unauthorized [http://www.example.com/session]
  [4;36;1mUser Load (0.2ms)[0m   [0;1mSELECT "users".id FROM "users" WHERE (LOWER("users"."email") = 'email@person.com') LIMIT 1[0m
  [4;35;1mUser Create (0.4ms)[0m   [0mINSERT INTO "users" ("encrypted_password", "salt", "updated_at", "admin", "remember_token", "confirmation_token", "email", "email_confirmed", "created_at") VALUES('d6a258de72145b1ccc65645821646f3587daf475', '89bfc6faa53c3bd14170db03612c7a9bace3686e', '2010-03-18 15:23:26', 'f', '4d260424aec2e63728a9735493392ada39488463', '2c8498ea9ae246411cf9a5281ace222a9e803a41', 'email@person.com', 't', '2010-03-18 15:23:26')[0m
REQUESTING PAGE: GET /sign_in with {} and HTTP headers {}


Processing Clearance::SessionsController#new (for 127.0.0.1 at 2010-03-18 11:23:26) [GET]
  Parameters: {"action"=>"new", "controller"=>"clearance/sessions"}
Rendering template within layouts/application
Rendering sessions/new
Completed in 6ms (View: 6, DB: 1) | 200 OK [http://www.example.com/sign_in]
REQUESTING PAGE: GET /sign_in with {} and HTTP headers {"HTTP_REFERER"=>"/sign_in"}


Processing Clearance::SessionsController#new (for 127.0.0.1 at 2010-03-18 11:23:26) [GET]
  Parameters: {"action"=>"new", "controller"=>"clearance/sessions"}
Rendering template within layouts/application
Rendering sessions/new
Completed in 7ms (View: 7, DB: 0) | 200 OK [http://www.example.com/sign_in]
REQUESTING PAGE: POST /session with {"commit"=>"Sign in", "session"=>{"password"=>"password", "email"=>"email@person.com"}} and HTTP headers {"HTTP_REFERER"=>"/sign_in"}


Processing Clearance::SessionsController#create (for 127.0.0.1 at 2010-03-18 11:23:26) [POST]
  Parameters: {"commit"=>"Sign in", "action"=>"create", "session"=>{"password"=>"[FILTERED]", "email"=>"email@person.com"}, "controller"=>"clearance/sessions"}
  [4;36;1mUser Load (0.5ms)[0m   [0;1mSELECT * FROM "users" WHERE ("users"."email" = 'email@person.com') LIMIT 1[0m
Redirected to http://www.example.com/
Completed in 3ms (DB: 0) | 302 Found [http://www.example.com/session]
REQUESTING PAGE: GET http://www.example.com/ with {} and HTTP headers {"HTTP_REFERER"=>"/session"}


Processing HomeController#index (for 127.0.0.1 at 2010-03-18 11:23:26) [GET]
  [4;35;1mEvent Load (0.2ms)[0m   [0mSELECT * FROM "events" WHERE ("events"."approved" = 't') [0m
Rendering template within layouts/application
Rendering home/index
  [4;36;1mUser Load (0.4ms)[0m   [0;1mSELECT * FROM "users" WHERE ("users"."remember_token" = '4d260424aec2e63728a9735493392ada39488463') LIMIT 1[0m
Completed in 5ms (View: 3, DB: 1) | 200 OK [http://www.example.com/]
REQUESTING PAGE: GET / with {} and HTTP headers {"HTTP_REFERER"=>"http://www.example.com/"}


Processing HomeController#index (for 127.0.0.1 at 2010-03-18 11:23:27) [GET]
  [4;35;1mEvent Load (0.2ms)[0m   [0mSELECT * FROM "events" WHERE ("events"."approved" = 't') [0m
Rendering template within layouts/application
Rendering home/index
  [4;36;1mUser Load (0.4ms)[0m   [0;1mSELECT * FROM "users" WHERE ("users"."remember_token" = '4d260424aec2e63728a9735493392ada39488463') LIMIT 1[0m
Completed in 5ms (View: 3, DB: 1) | 200 OK [http://www.example.com/]
